<?xml version="1.0" encoding="UTF-8" standalone="yes"?><!DOCTYPE report PUBLIC "-//JACOCO//DTD Report 1.1//EN" "report.dtd"><report name="statistics"><sessioninfo id="LAPTOP-QJAD646O-bb093069" start="1617886090041" dump="1617886092371"/><sessioninfo id="LAPTOP-QJAD646O-d93788a7" start="1617890553762" dump="1617890556020"/><sessioninfo id="LAPTOP-QJAD646O-c6888f50" start="1617890896236" dump="1617890897520"/><sessioninfo id="LAPTOP-QJAD646O-8854a63d" start="1617892046308" dump="1617892047819"/><sessioninfo id="LAPTOP-QJAD646O-a3e76f69" start="1617892506359" dump="1617892507767"/><sessioninfo id="LAPTOP-QJAD646O-f3a3c05e" start="1617892655057" dump="1617892656533"/><sessioninfo id="LAPTOP-QJAD646O-8af40168" start="1617906143044" dump="1617906144475"/><sessioninfo id="LAPTOP-QJAD646O-7a63cec4" start="1617907651766" dump="1617907653095"/><sessioninfo id="LAPTOP-QJAD646O-2bbf69b4" start="1617907774037" dump="1617907775430"/><sessioninfo id="LAPTOP-QJAD646O-540a83c4" start="1617914424604" dump="1617914425988"/><sessioninfo id="LAPTOP-QJAD646O-8e424071" start="1617914460530" dump="1617914461822"/><sessioninfo id="LAPTOP-QJAD646O-2c03ea77" start="1617925190496" dump="1617925191921"/><sessioninfo id="LAPTOP-QJAD646O-dd1c5e73" start="1617925271133" dump="1617925272339"/><sessioninfo id="LAPTOP-QJAD646O-7a73c304" start="1617925422742" dump="1617925424203"/><sessioninfo id="LAPTOP-QJAD646O-b5016dd" start="1617935550747" dump="1617935553851"/><sessioninfo id="LAPTOP-QJAD646O-86743c04" start="1617935628812" dump="1617935631231"/><sessioninfo id="LAPTOP-QJAD646O-374a52e3" start="1617935677733" dump="1617935680172"/><package name="ru/netology"><class name="ru/netology/Radio" sourcefilename="Radio.java"><method name="&lt;init&gt;" desc="()V" line="3"><counter type="INSTRUCTION" missed="0" covered="15"/><counter type="LINE" missed="0" covered="5"/><counter type="COMPLEXITY" missed="0" covered="1"/><counter type="METHOD" missed="0" covered="1"/></method><method name="getCurrentStation" desc="()I" line="13"><counter type="INSTRUCTION" missed="0" covered="3"/><counter type="LINE" missed="0" covered="1"/><counter type="COMPLEXITY" missed="0" covered="1"/><counter type="METHOD" missed="0" covered="1"/></method><method name="setStation" desc="(I)V" line="17"><counter type="INSTRUCTION" missed="0" covered="14"/><counter type="BRANCH" missed="1" covered="3"/><counter type="LINE" missed="0" covered="2"/><counter type="COMPLEXITY" missed="1" covered="2"/><counter type="METHOD" missed="0" covered="1"/></method><method name="switchStationtNext" desc="()V" line="21"><counter type="INSTRUCTION" missed="5" covered="12"/><counter type="BRANCH" missed="1" covered="1"/><counter type="LINE" missed="2" covered="3"/><counter type="COMPLEXITY" missed="1" covered="1"/><counter type="METHOD" missed="0" covered="1"/></method><method name="switchStationtPrev" desc="()V" line="30"><counter type="INSTRUCTION" missed="7" covered="10"/><counter type="BRANCH" missed="1" covered="1"/><counter type="LINE" missed="2" covered="3"/><counter type="COMPLEXITY" missed="1" covered="1"/><counter type="METHOD" missed="0" covered="1"/></method><method name="getSoundVolume" desc="()I" line="39"><counter type="INSTRUCTION" missed="0" covered="3"/><counter type="LINE" missed="0" covered="1"/><counter type="COMPLEXITY" missed="0" covered="1"/><counter type="METHOD" missed="0" covered="1"/></method><method name="volumeUp" desc="()V" line="43"><counter type="INSTRUCTION" missed="0" covered="13"/><counter type="BRANCH" missed="0" covered="2"/><counter type="LINE" missed="0" covered="4"/><counter type="COMPLEXITY" missed="0" covered="2"/><counter type="METHOD" missed="0" covered="1"/></method><method name="volumeDown" desc="()V" line="50"><counter type="INSTRUCTION" missed="7" covered="6"/><counter type="BRANCH" missed="1" covered="1"/><counter type="LINE" missed="2" covered="2"/><counter type="COMPLEXITY" missed="1" covered="1"/><counter type="METHOD" missed="0" covered="1"/></method><counter type="INSTRUCTION" missed="19" covered="76"/><counter type="BRANCH" missed="4" covered="8"/><counter type="LINE" missed="6" covered="21"/><counter type="COMPLEXITY" missed="4" covered="10"/><counter type="METHOD" missed="0" covered="8"/><counter type="CLASS" missed="0" covered="1"/></class><sourcefile name="Radio.java"><line nr="3" mi="0" ci="2" mb="0" cb="0"/><line nr="6" mi="0" ci="3" mb="0" cb="0"/><line nr="7" mi="0" ci="3" mb="0" cb="0"/><line nr="8" mi="0" ci="3" mb="0" cb="0"/><line nr="9" mi="0" ci="4" mb="0" cb="0"/><line nr="13" mi="0" ci="3" mb="0" cb="0"/><line nr="17" mi="0" ci="13" mb="1" cb="3"/><line nr="18" mi="0" ci="1" mb="0" cb="0"/><line nr="21" mi="0" ci="5" mb="1" cb="1"/><line nr="22" mi="4" ci="0" mb="0" cb="0"/><line nr="23" mi="1" ci="0" mb="0" cb="0"/><line nr="25" mi="0" ci="6" mb="0" cb="0"/><line nr="28" mi="0" ci="1" mb="0" cb="0"/><line nr="30" mi="0" ci="5" mb="1" cb="1"/><line nr="31" mi="0" ci="4" mb="0" cb="0"/><line nr="32" mi="0" ci="1" mb="0" cb="0"/><line nr="34" mi="6" ci="0" mb="0" cb="0"/><line nr="35" mi="1" ci="0" mb="0" cb="0"/><line nr="39" mi="0" ci="3" mb="0" cb="0"/><line nr="43" mi="0" ci="5" mb="0" cb="2"/><line nr="44" mi="0" ci="1" mb="0" cb="0"/><line nr="45" mi="0" ci="6" mb="0" cb="0"/><line nr="46" mi="0" ci="1" mb="0" cb="0"/><line nr="50" mi="0" ci="5" mb="1" cb="1"/><line nr="51" mi="0" ci="1" mb="0" cb="0"/><line nr="52" mi="6" ci="0" mb="0" cb="0"/><line nr="54" mi="1" ci="0" mb="0" cb="0"/><counter type="INSTRUCTION" missed="19" covered="76"/><counter type="BRANCH" missed="4" covered="8"/><counter type="LINE" missed="6" covered="21"/><counter type="COMPLEXITY" missed="4" covered="10"/><counter type="METHOD" missed="0" covered="8"/><counter type="CLASS" missed="0" covered="1"/></sourcefile><counter type="INSTRUCTION" missed="19" covered="76"/><counter type="BRANCH" missed="4" covered="8"/><counter type="LINE" missed="6" covered="21"/><counter type="COMPLEXITY" missed="4" covered="10"/><counter type="METHOD" missed="0" covered="8"/><counter type="CLASS" missed="0" covered="1"/></package><counter type="INSTRUCTION" missed="19" covered="76"/><counter type="BRANCH" missed="4" covered="8"/><counter type="LINE" missed="6" covered="21"/><counter type="COMPLEXITY" missed="4" covered="10"/><counter type="METHOD" missed="0" covered="8"/><counter type="CLASS" missed="0" covered="1"/></report>