<?xml version="1.0" encoding="UTF-8"?>
<testsuite xmlns:xsi="http://www.w3.org/2001/XMLSchema-instance" xsi:noNamespaceSchemaLocation="https://maven.apache.org/surefire/maven-surefire-plugin/xsd/surefire-test-report.xsd" name="ru.netology.RadioTest" time="0.016" tests="11" errors="0" skipped="0" failures="0">
  <properties>
[...]
</properties>
  <testcase name="borderStationMax" classname="ru.netology.RadioTest" time="0"/>
  <testcase name="borderStationMin" classname="ru.netology.RadioTest" time="0"/>
  <testcase name="setStationLowerMin" classname="ru.netology.RadioTest" time="0"/>
  <testcase name="setStationHigherMax" classname="ru.netology.RadioTest" time="0"/>
  <testcase name="switchToNextLoop" classname="ru.netology.RadioTest" time="0"/>
  <testcase name="switchVolumeUp" classname="ru.netology.RadioTest" time="0"/>
  <testcase name="setStation" classname="ru.netology.RadioTest" time="0"/>
  <testcase name="switchToNext" classname="ru.netology.RadioTest" time="0"/>
  <testcase name="switchToPrev" classname="ru.netology.RadioTest" time="0"/>
  <testcase name="switchVolumeDown" classname="ru.netology.RadioTest" time="0"/>
  <testcase name="switchToPrevLoop" classname="ru.netology.RadioTest" time="0"/>
</testsuite>